<?xml version="1.0" encoding="UTF-8"?>
<!-- Generated by org.testng.reporters.JUnitReportReporter -->
<testsuite hostname="DESKTOP-SII4EJG" failures="0" tests="2" name="TestCases.LoginTests" time="6.388" errors="0" timestamp="2023-10-23T10:51:24 IST" skipped="0">
  <testcase classname="TestCases.LoginTests" name="invalidLogin" time="2.679"/>
  <system-out/>
  <testcase classname="TestCases.LoginTests" name="validLogin" time="3.709"/>
  <system-out/>
</testsuite> <!-- TestCases.LoginTests -->
