<?xml version="1.0" encoding="UTF-8"?>
<!-- Generated by org.testng.reporters.JUnitReportReporter -->
<testsuite hostname="DESKTOP-SII4EJG" failures="0" tests="5" name="TestCases.LoginTests" time="21.252" errors="0" timestamp="2023-10-25T07:49:53 IST" skipped="0">
  <testcase classname="TestCases.LoginTests" name="validLogin" time="3.625"/>
  <testcase classname="TestCases.LoginTests" name="invalidLogin" time="3.529"/>
  <testcase classname="TestCases.LoginTests" name="emptyFields" time="3.465"/>
  <testcase classname="TestCases.LoginTests" name="emptyUserName" time="7.295"/>
  <testcase classname="TestCases.LoginTests" name="emptPassWord" time="3.338"/>
</testsuite> <!-- TestCases.LoginTests -->
