<?xml version="1.0" encoding="UTF-8"?>
<!-- Generated by org.testng.reporters.JUnitReportReporter -->
<testsuite hostname="DESKTOP-SII4EJG" failures="0" tests="5" name="TestCases.LoginTests" time="20.628" errors="0" timestamp="2023-10-24T07:54:24 IST" skipped="0">
  <testcase classname="TestCases.LoginTests" name="validLogin" time="2.819"/>
  <testcase classname="TestCases.LoginTests" name="emptyFields" time="2.810"/>
  <testcase classname="TestCases.LoginTests" name="emptPassWord" time="2.824"/>
  <testcase classname="TestCases.LoginTests" name="emptUserName" time="9.322"/>
  <testcase classname="TestCases.LoginTests" name="invalidLogin" time="2.853"/>
</testsuite> <!-- TestCases.LoginTests -->
