<?xml version="1.0" encoding="UTF-8"?>
<!-- Generated by org.testng.reporters.JUnitReportReporter -->
<testsuite hostname="DESKTOP-SII4EJG" failures="0" tests="5" name="TestCases.LoginTests" time="26.533" errors="0" timestamp="2023-10-25T07:16:21 IST" skipped="0">
  <testcase classname="TestCases.LoginTests" name="validLogin" time="6.473"/>
  <testcase classname="TestCases.LoginTests" name="invalidLogin" time="3.437"/>
  <testcase classname="TestCases.LoginTests" name="emptyFields" time="3.929"/>
  <testcase classname="TestCases.LoginTests" name="emptyUserName" time="9.155"/>
  <testcase classname="TestCases.LoginTests" name="emptPassWord" time="3.539"/>
</testsuite> <!-- TestCases.LoginTests -->
